{"name":"MailTest","status":"broken","statusDetails":{"known":false,"muted":false,"flaky":false,"message":"no such element: Unable to locate element: {\"method\":\"xpath\",\"selector\":\"(//div[@title='Удалить'])[1]\"}\n  (Session info: chrome=86.0.4240.111)\n  (Driver info: chromedriver=2.37.544315 (730aa6a5fdba159ac9f4c1e8cbc59bf1b5ce12b7),platform=Windows NT 10.0.14393 x86_64) (WARNING: The server did not provide any stacktrace information)\nCommand duration or timeout: 0 milliseconds\nFor documentation on this error, please visit: https://www.seleniumhq.org/exceptions/no_such_element.html\nBuild info: version: '3.141.59', revision: 'e82be7d358', time: '2018-11-14T08:17:03'\nSystem info: host: 'USER-PC', ip: '10.0.0.102', os.name: 'Windows 10', os.arch: 'amd64', os.version: '10.0', java.version: '1.8.0_231'\nDriver info: org.openqa.selenium.remote.RemoteWebDriver\nCapabilities {acceptInsecureCerts: false, acceptSslCerts: false, applicationCacheEnabled: false, browserConnectionEnabled: false, browserName: chrome, chrome: {chromedriverVersion: 2.37.544315 (730aa6a5fdba15..., userDataDir: C:\\Users\\User\\AppData\\Local...}, cssSelectorsEnabled: true, databaseEnabled: false, handlesAlerts: true, hasTouchScreen: false, javascriptEnabled: true, locationContextEnabled: true, mobileEmulationEnabled: false, nativeEvents: true, networkConnectionEnabled: false, pageLoadStrategy: normal, platform: XP, platformName: XP, rotatable: false, setWindowRect: true, takesHeapSnapshot: true, takesScreenshot: true, unexpectedAlertBehaviour: , unhandledPromptBehavior: , version: 86.0.4240.111, webStorageEnabled: true}\nSession ID: a3f75458b58e98417594d48f00b86633\n*** Element info: {Using=xpath, value=(//div[@title='Удалить'])[1]}","trace":"org.openqa.selenium.NoSuchElementException: no such element: Unable to locate element: {\"method\":\"xpath\",\"selector\":\"(//div[@title='Удалить'])[1]\"}\n  (Session info: chrome=86.0.4240.111)\n  (Driver info: chromedriver=2.37.544315 (730aa6a5fdba159ac9f4c1e8cbc59bf1b5ce12b7),platform=Windows NT 10.0.14393 x86_64) (WARNING: The server did not provide any stacktrace information)\nCommand duration or timeout: 0 milliseconds\nFor documentation on this error, please visit: https://www.seleniumhq.org/exceptions/no_such_element.html\nBuild info: version: '3.141.59', revision: 'e82be7d358', time: '2018-11-14T08:17:03'\nSystem info: host: 'USER-PC', ip: '10.0.0.102', os.name: 'Windows 10', os.arch: 'amd64', os.version: '10.0', java.version: '1.8.0_231'\nDriver info: org.openqa.selenium.remote.RemoteWebDriver\nCapabilities {acceptInsecureCerts: false, acceptSslCerts: false, applicationCacheEnabled: false, browserConnectionEnabled: false, browserName: chrome, chrome: {chromedriverVersion: 2.37.544315 (730aa6a5fdba15..., userDataDir: C:\\Users\\User\\AppData\\Local...}, cssSelectorsEnabled: true, databaseEnabled: false, handlesAlerts: true, hasTouchScreen: false, javascriptEnabled: true, locationContextEnabled: true, mobileEmulationEnabled: false, nativeEvents: true, networkConnectionEnabled: false, pageLoadStrategy: normal, platform: XP, platformName: XP, rotatable: false, setWindowRect: true, takesHeapSnapshot: true, takesScreenshot: true, unexpectedAlertBehaviour: , unhandledPromptBehavior: , version: 86.0.4240.111, webStorageEnabled: true}\nSession ID: a3f75458b58e98417594d48f00b86633\n*** Element info: {Using=xpath, value=(//div[@title='Удалить'])[1]}\r\n\tat sun.reflect.NativeConstructorAccessorImpl.newInstance0(Native Method)\r\n\tat sun.reflect.NativeConstructorAccessorImpl.newInstance(NativeConstructorAccessorImpl.java:62)\r\n\tat sun.reflect.DelegatingConstructorAccessorImpl.newInstance(DelegatingConstructorAccessorImpl.java:45)\r\n\tat java.lang.reflect.Constructor.newInstance(Constructor.java:423)\r\n\tat org.openqa.selenium.remote.ErrorHandler.createThrowable(ErrorHandler.java:214)\r\n\tat org.openqa.selenium.remote.ErrorHandler.throwIfResponseFailed(ErrorHandler.java:166)\r\n\tat org.openqa.selenium.remote.http.JsonHttpResponseCodec.reconstructValue(JsonHttpResponseCodec.java:40)\r\n\tat org.openqa.selenium.remote.http.AbstractHttpResponseCodec.decode(AbstractHttpResponseCodec.java:80)\r\n\tat org.openqa.selenium.remote.http.AbstractHttpResponseCodec.decode(AbstractHttpResponseCodec.java:44)\r\n\tat org.openqa.selenium.remote.HttpCommandExecutor.execute(HttpCommandExecutor.java:158)\r\n\tat org.openqa.selenium.remote.RemoteWebDriver.execute(RemoteWebDriver.java:552)\r\n\tat org.openqa.selenium.remote.RemoteWebDriver.findElement(RemoteWebDriver.java:323)\r\n\tat org.openqa.selenium.remote.RemoteWebDriver.findElementByXPath(RemoteWebDriver.java:428)\r\n\tat org.openqa.selenium.By$ByXPath.findElement(By.java:353)\r\n\tat org.openqa.selenium.remote.RemoteWebDriver.findElement(RemoteWebDriver.java:315)\r\n\tat selBase.Base.click(Base.java:64)\r\n\tat pageObject.Sign.delSign(Sign.java:27)\r\n\tat ru.yandex.mail.SendMailTest.MailTest(SendMailTest.java:141)\r\n\tat sun.reflect.NativeMethodAccessorImpl.invoke0(Native Method)\r\n\tat sun.reflect.NativeMethodAccessorImpl.invoke(NativeMethodAccessorImpl.java:62)\r\n\tat sun.reflect.DelegatingMethodAccessorImpl.invoke(DelegatingMethodAccessorImpl.java:43)\r\n\tat java.lang.reflect.Method.invoke(Method.java:498)\r\n\tat org.testng.internal.MethodInvocationHelper.invokeMethod(MethodInvocationHelper.java:134)\r\n\tat org.testng.internal.TestInvoker.invokeMethod(TestInvoker.java:597)\r\n\tat org.testng.internal.TestInvoker.invokeTestMethod(TestInvoker.java:173)\r\n\tat org.testng.internal.MethodRunner.runInSequence(MethodRunner.java:46)\r\n\tat org.testng.internal.TestInvoker$MethodInvocationAgent.invoke(TestInvoker.java:816)\r\n\tat org.testng.internal.TestInvoker.invokeTestMethods(TestInvoker.java:146)\r\n\tat org.testng.internal.TestMethodWorker.invokeTestMethods(TestMethodWorker.java:146)\r\n\tat org.testng.internal.TestMethodWorker.run(TestMethodWorker.java:128)\r\n\tat java.util.ArrayList.forEach(ArrayList.java:1257)\r\n\tat org.testng.TestRunner.privateRun(TestRunner.java:766)\r\n\tat org.testng.TestRunner.run(TestRunner.java:587)\r\n\tat org.testng.SuiteRunner.runTest(SuiteRunner.java:384)\r\n\tat org.testng.SuiteRunner.runSequentially(SuiteRunner.java:378)\r\n\tat org.testng.SuiteRunner.privateRun(SuiteRunner.java:337)\r\n\tat org.testng.SuiteRunner.run(SuiteRunner.java:286)\r\n\tat org.testng.SuiteRunnerWorker.runSuite(SuiteRunnerWorker.java:53)\r\n\tat org.testng.SuiteRunnerWorker.run(SuiteRunnerWorker.java:96)\r\n\tat org.testng.TestNG.runSuitesSequentially(TestNG.java:1187)\r\n\tat org.testng.TestNG.runSuitesLocally(TestNG.java:1109)\r\n\tat org.testng.TestNG.runSuites(TestNG.java:1039)\r\n\tat org.testng.TestNG.run(TestNG.java:1007)\r\n\tat com.intellij.rt.testng.IDEARemoteTestNG.run(IDEARemoteTestNG.java:66)\r\n\tat com.intellij.rt.testng.RemoteTestNGStarter.main(RemoteTestNGStarter.java:109)\r\n"},"stage":"finished","steps":[{"name":"Кликаем на кнопку войти в яндекс почту","status":"passed","stage":"finished","steps":[],"attachments":[],"parameters":[],"start":1604242881989,"stop":1604242883603},{"name":"Вводим логин в поле логина","status":"passed","stage":"finished","steps":[],"attachments":[],"parameters":[{"name":"login","value":"testimmailauto\n"}],"start":1604242883607,"stop":1604242884034},{"name":"Вводим пароль в поле пароля","status":"passed","stage":"finished","steps":[],"attachments":[],"parameters":[{"name":"pass","value":"1029384756\n"}],"start":1604242884035,"stop":1604242884788},{"name":"Кликаем на создание нового письма","status":"passed","stage":"finished","steps":[],"attachments":[],"parameters":[],"start":1604242884788,"stop":1604242891604},{"name":"Проверяем открытие формы отправки писем","status":"passed","stage":"finished","steps":[],"attachments":[],"parameters":[{"name":"text","value":"https://mail.yandex.ru/?uid=1198887252#compose"}],"start":1604242891611,"stop":1604242891620},{"name":"Клик на 'себе' при отправке письма","status":"passed","stage":"finished","steps":[],"attachments":[],"parameters":[],"start":1604242891620,"stop":1604242896979},{"name":"Ввод темы письма","status":"passed","stage":"finished","steps":[],"attachments":[],"parameters":[{"name":"theme","value":"Тестируем почту"}],"start":1604242896980,"stop":1604242897559},{"name":"Ввод текста письма","status":"passed","stage":"finished","steps":[],"attachments":[],"parameters":[{"name":"text","value":"текст письма"}],"start":1604242897559,"stop":1604242897746},{"name":"Кнопка отправки письма","status":"passed","stage":"finished","steps":[],"attachments":[],"parameters":[],"start":1604242897746,"stop":1604242897952},{"name":"Кликаем на входящие письма","status":"passed","stage":"finished","steps":[],"attachments":[],"parameters":[],"start":1604242897952,"stop":1604242899928},{"name":"Кликаем кнопку оновить","status":"passed","stage":"finished","steps":[],"attachments":[],"parameters":[],"start":1604242899928,"stop":1604242900158},{"name":"кликаем на группу сообщений в списке сообщений","status":"passed","stage":"finished","steps":[],"attachments":[],"parameters":[],"start":1604242902668,"stop":1604242902808},{"name":"кликаем на сообщение в группе сообщений в списке сообщений","status":"passed","stage":"finished","steps":[],"attachments":[],"parameters":[],"start":1604242903809,"stop":1604242903985},{"name":"кликаем на кнопку настроек","status":"passed","stage":"finished","steps":[],"attachments":[],"parameters":[],"start":1604242904505,"stop":1604242904837},{"name":"кликаем на настройку личных данных","status":"passed","stage":"finished","steps":[],"attachments":[],"parameters":[],"start":1604242904838,"stop":1604242905157},{"name":"Клик в поле воода подписи","status":"passed","stage":"finished","steps":[],"attachments":[],"parameters":[],"start":1604242905158,"stop":1604242905842},{"name":"Ввод текста подписи","status":"passed","stage":"finished","steps":[],"attachments":[],"parameters":[{"name":"text","value":"Я подпись подпись подпись, я вовсе не медведь"}],"start":1604242905842,"stop":1604242906348},{"name":"кликаем кнопку добавления подписи","status":"passed","stage":"finished","steps":[],"attachments":[],"parameters":[],"start":1604242906349,"stop":1604242906495},{"name":"кликаем на логотип яндекс почты","status":"passed","stage":"finished","steps":[],"attachments":[],"parameters":[],"start":1604242906495,"stop":1604242906605},{"name":"Кликаем на создание нового письма","status":"passed","stage":"finished","steps":[],"attachments":[],"parameters":[],"start":1604242906606,"stop":1604242907426},{"name":"Проверяем открытие формы отправки писем","status":"passed","stage":"finished","steps":[],"attachments":[],"parameters":[{"name":"text","value":"https://mail.yandex.ru/?uid=1198887252#compose"}],"start":1604242907468,"stop":1604242907468},{"name":"Клик на 'себе' при отправке письма","status":"passed","stage":"finished","steps":[],"attachments":[],"parameters":[],"start":1604242907812,"stop":1604242907965},{"name":"Ввод темы письма","status":"passed","stage":"finished","steps":[],"attachments":[],"parameters":[{"name":"theme","value":"Тестируем почту2"}],"start":1604242907965,"stop":1604242908341},{"name":"Ввод текста письма","status":"passed","stage":"finished","steps":[],"attachments":[],"parameters":[{"name":"text","value":"текст письма2"}],"start":1604242908341,"stop":1604242908527},{"name":"Кнопка отправки письма","status":"passed","stage":"finished","steps":[],"attachments":[],"parameters":[],"start":1604242908527,"stop":1604242908691},{"name":"Кликаем на входящие письма","status":"passed","stage":"finished","steps":[],"attachments":[],"parameters":[],"start":1604242908691,"stop":1604242909550},{"name":"Кликаем кнопку оновить","status":"passed","stage":"finished","steps":[],"attachments":[],"parameters":[],"start":1604242909550,"stop":1604242909824},{"name":"кликаем по группе сообщений с нужной темой","status":"passed","stage":"finished","steps":[],"attachments":[],"parameters":[],"start":1604242912595,"stop":1604242912743},{"name":"кликаем на сообщений в группе сообщений","status":"passed","stage":"finished","steps":[],"attachments":[],"parameters":[],"start":1604242913744,"stop":1604242913909},{"name":"кликаем на кнопку входящие","status":"passed","stage":"finished","steps":[],"attachments":[],"parameters":[],"start":1604242914393,"stop":1604242914540},{"name":"Кликаем кнопку оновить","status":"passed","stage":"finished","steps":[],"attachments":[],"parameters":[],"start":1604242914541,"stop":1604242914829},{"name":"кликаем на чекбокс с темой 1","status":"passed","stage":"finished","steps":[],"attachments":[],"parameters":[],"start":1604242915829,"stop":1604242915991},{"name":"Кликаем на чекбокс с темой 2","status":"passed","stage":"finished","steps":[],"attachments":[],"parameters":[],"start":1604242916999,"stop":1604242917144},{"name":"кликаем кнопку удаления писем","status":"passed","stage":"finished","steps":[],"attachments":[],"parameters":[],"start":1604242917144,"stop":1604242917526},{"name":"Удаляем последнию подпись","status":"broken","statusDetails":{"known":false,"muted":false,"flaky":false,"message":"no such element: Unable to locate element: {\"method\":\"xpath\",\"selector\":\"(//div[@title='Удалить'])[1]\"}\n  (Session info: chrome=86.0.4240.111)\n  (Driver info: chromedriver=2.37.544315 (730aa6a5fdba159ac9f4c1e8cbc59bf1b5ce12b7),platform=Windows NT 10.0.14393 x86_64) (WARNING: The server did not provide any stacktrace information)\nCommand duration or timeout: 0 milliseconds\nFor documentation on this error, please visit: https://www.seleniumhq.org/exceptions/no_such_element.html\nBuild info: version: '3.141.59', revision: 'e82be7d358', time: '2018-11-14T08:17:03'\nSystem info: host: 'USER-PC', ip: '10.0.0.102', os.name: 'Windows 10', os.arch: 'amd64', os.version: '10.0', java.version: '1.8.0_231'\nDriver info: org.openqa.selenium.remote.RemoteWebDriver\nCapabilities {acceptInsecureCerts: false, acceptSslCerts: false, applicationCacheEnabled: false, browserConnectionEnabled: false, browserName: chrome, chrome: {chromedriverVersion: 2.37.544315 (730aa6a5fdba15..., userDataDir: C:\\Users\\User\\AppData\\Local...}, cssSelectorsEnabled: true, databaseEnabled: false, handlesAlerts: true, hasTouchScreen: false, javascriptEnabled: true, locationContextEnabled: true, mobileEmulationEnabled: false, nativeEvents: true, networkConnectionEnabled: false, pageLoadStrategy: normal, platform: XP, platformName: XP, rotatable: false, setWindowRect: true, takesHeapSnapshot: true, takesScreenshot: true, unexpectedAlertBehaviour: , unhandledPromptBehavior: , version: 86.0.4240.111, webStorageEnabled: true}\nSession ID: a3f75458b58e98417594d48f00b86633\n*** Element info: {Using=xpath, value=(//div[@title='Удалить'])[1]}","trace":"org.openqa.selenium.NoSuchElementException: no such element: Unable to locate element: {\"method\":\"xpath\",\"selector\":\"(//div[@title='Удалить'])[1]\"}\n  (Session info: chrome=86.0.4240.111)\n  (Driver info: chromedriver=2.37.544315 (730aa6a5fdba159ac9f4c1e8cbc59bf1b5ce12b7),platform=Windows NT 10.0.14393 x86_64) (WARNING: The server did not provide any stacktrace information)\nCommand duration or timeout: 0 milliseconds\nFor documentation on this error, please visit: https://www.seleniumhq.org/exceptions/no_such_element.html\nBuild info: version: '3.141.59', revision: 'e82be7d358', time: '2018-11-14T08:17:03'\nSystem info: host: 'USER-PC', ip: '10.0.0.102', os.name: 'Windows 10', os.arch: 'amd64', os.version: '10.0', java.version: '1.8.0_231'\nDriver info: org.openqa.selenium.remote.RemoteWebDriver\nCapabilities {acceptInsecureCerts: false, acceptSslCerts: false, applicationCacheEnabled: false, browserConnectionEnabled: false, browserName: chrome, chrome: {chromedriverVersion: 2.37.544315 (730aa6a5fdba15..., userDataDir: C:\\Users\\User\\AppData\\Local...}, cssSelectorsEnabled: true, databaseEnabled: false, handlesAlerts: true, hasTouchScreen: false, javascriptEnabled: true, locationContextEnabled: true, mobileEmulationEnabled: false, nativeEvents: true, networkConnectionEnabled: false, pageLoadStrategy: normal, platform: XP, platformName: XP, rotatable: false, setWindowRect: true, takesHeapSnapshot: true, takesScreenshot: true, unexpectedAlertBehaviour: , unhandledPromptBehavior: , version: 86.0.4240.111, webStorageEnabled: true}\nSession ID: a3f75458b58e98417594d48f00b86633\n*** Element info: {Using=xpath, value=(//div[@title='Удалить'])[1]}\r\n\tat sun.reflect.NativeConstructorAccessorImpl.newInstance0(Native Method)\r\n\tat sun.reflect.NativeConstructorAccessorImpl.newInstance(NativeConstructorAccessorImpl.java:62)\r\n\tat sun.reflect.DelegatingConstructorAccessorImpl.newInstance(DelegatingConstructorAccessorImpl.java:45)\r\n\tat java.lang.reflect.Constructor.newInstance(Constructor.java:423)\r\n\tat org.openqa.selenium.remote.ErrorHandler.createThrowable(ErrorHandler.java:214)\r\n\tat org.openqa.selenium.remote.ErrorHandler.throwIfResponseFailed(ErrorHandler.java:166)\r\n\tat org.openqa.selenium.remote.http.JsonHttpResponseCodec.reconstructValue(JsonHttpResponseCodec.java:40)\r\n\tat org.openqa.selenium.remote.http.AbstractHttpResponseCodec.decode(AbstractHttpResponseCodec.java:80)\r\n\tat org.openqa.selenium.remote.http.AbstractHttpResponseCodec.decode(AbstractHttpResponseCodec.java:44)\r\n\tat org.openqa.selenium.remote.HttpCommandExecutor.execute(HttpCommandExecutor.java:158)\r\n\tat org.openqa.selenium.remote.RemoteWebDriver.execute(RemoteWebDriver.java:552)\r\n\tat org.openqa.selenium.remote.RemoteWebDriver.findElement(RemoteWebDriver.java:323)\r\n\tat org.openqa.selenium.remote.RemoteWebDriver.findElementByXPath(RemoteWebDriver.java:428)\r\n\tat org.openqa.selenium.By$ByXPath.findElement(By.java:353)\r\n\tat org.openqa.selenium.remote.RemoteWebDriver.findElement(RemoteWebDriver.java:315)\r\n\tat selBase.Base.click(Base.java:64)\r\n\tat pageObject.Sign.delSign(Sign.java:27)\r\n\tat ru.yandex.mail.SendMailTest.MailTest(SendMailTest.java:141)\r\n\tat sun.reflect.NativeMethodAccessorImpl.invoke0(Native Method)\r\n\tat sun.reflect.NativeMethodAccessorImpl.invoke(NativeMethodAccessorImpl.java:62)\r\n\tat sun.reflect.DelegatingMethodAccessorImpl.invoke(DelegatingMethodAccessorImpl.java:43)\r\n\tat java.lang.reflect.Method.invoke(Method.java:498)\r\n\tat org.testng.internal.MethodInvocationHelper.invokeMethod(MethodInvocationHelper.java:134)\r\n\tat org.testng.internal.TestInvoker.invokeMethod(TestInvoker.java:597)\r\n\tat org.testng.internal.TestInvoker.invokeTestMethod(TestInvoker.java:173)\r\n\tat org.testng.internal.MethodRunner.runInSequence(MethodRunner.java:46)\r\n\tat org.testng.internal.TestInvoker$MethodInvocationAgent.invoke(TestInvoker.java:816)\r\n\tat org.testng.internal.TestInvoker.invokeTestMethods(TestInvoker.java:146)\r\n\tat org.testng.internal.TestMethodWorker.invokeTestMethods(TestMethodWorker.java:146)\r\n\tat org.testng.internal.TestMethodWorker.run(TestMethodWorker.java:128)\r\n\tat java.util.ArrayList.forEach(ArrayList.java:1257)\r\n\tat org.testng.TestRunner.privateRun(TestRunner.java:766)\r\n\tat org.testng.TestRunner.run(TestRunner.java:587)\r\n\tat org.testng.SuiteRunner.runTest(SuiteRunner.java:384)\r\n\tat org.testng.SuiteRunner.runSequentially(SuiteRunner.java:378)\r\n\tat org.testng.SuiteRunner.privateRun(SuiteRunner.java:337)\r\n\tat org.testng.SuiteRunner.run(SuiteRunner.java:286)\r\n\tat org.testng.SuiteRunnerWorker.runSuite(SuiteRunnerWorker.java:53)\r\n\tat org.testng.SuiteRunnerWorker.run(SuiteRunnerWorker.java:96)\r\n\tat org.testng.TestNG.runSuitesSequentially(TestNG.java:1187)\r\n\tat org.testng.TestNG.runSuitesLocally(TestNG.java:1109)\r\n\tat org.testng.TestNG.runSuites(TestNG.java:1039)\r\n\tat org.testng.TestNG.run(TestNG.java:1007)\r\n\tat com.intellij.rt.testng.IDEARemoteTestNG.run(IDEARemoteTestNG.java:66)\r\n\tat com.intellij.rt.testng.RemoteTestNGStarter.main(RemoteTestNGStarter.java:109)\r\n"},"stage":"finished","steps":[],"attachments":[],"parameters":[],"start":1604242938599,"stop":1604242969375}],"attachments":[],"parameters":[],"start":1604242881661,"stop":1604242969441,"uuid":"79b0a6c0-3f27-4181-b61b-9b39355ca661","historyId":"8e42658b3e223e3cac3f7b31aa5d03dd","fullName":"ru.yandex.mail.SendMailTest.MailTest","labels":[{"name":"package","value":"ru.yandex.mail.SendMailTest"},{"name":"testClass","value":"ru.yandex.mail.SendMailTest"},{"name":"testMethod","value":"MailTest"},{"name":"parentSuite","value":"Default Suite"},{"name":"suite","value":"Practice"},{"name":"subSuite","value":"ru.yandex.mail.SendMailTest"},{"name":"host","value":"User-PC"},{"name":"thread","value":"9268@User-PC.main(1)"},{"name":"framework","value":"testng"},{"name":"language","value":"java"},{"name":"feature","value":"Тест почты"},{"name":"story","value":"Отправка писем"},{"name":"epic","value":"Селениум"}],"links":[]}