{"name":"MailTest","status":"broken","statusDetails":{"known":false,"muted":false,"flaky":false,"message":"unknown error: Element <a class=\"yandex-header__logo-service yandex-header__logo-service_lang_ru count-me\" href=\"\" tabindex=\"-1\" data-count=\"{&quot;name&quot;:&quot;logo-service&quot;}\"></a> is not clickable at point (130, 16). Other element would receive the click: <iframe></iframe>\n  (Session info: chrome=86.0.4240.111)\n  (Driver info: chromedriver=2.37.544315 (730aa6a5fdba159ac9f4c1e8cbc59bf1b5ce12b7),platform=Windows NT 10.0.14393 x86_64) (WARNING: The server did not provide any stacktrace information)\nCommand duration or timeout: 0 milliseconds\nBuild info: version: '3.141.59', revision: 'e82be7d358', time: '2018-11-14T08:17:03'\nSystem info: host: 'USER-PC', ip: '10.0.0.102', os.name: 'Windows 10', os.arch: 'amd64', os.version: '10.0', java.version: '1.8.0_231'\nDriver info: org.openqa.selenium.remote.RemoteWebDriver\nCapabilities {acceptInsecureCerts: false, acceptSslCerts: false, applicationCacheEnabled: false, browserConnectionEnabled: false, browserName: chrome, chrome: {chromedriverVersion: 2.37.544315 (730aa6a5fdba15..., userDataDir: C:\\Users\\User\\AppData\\Local...}, cssSelectorsEnabled: true, databaseEnabled: false, handlesAlerts: true, hasTouchScreen: false, javascriptEnabled: true, locationContextEnabled: true, mobileEmulationEnabled: false, nativeEvents: true, networkConnectionEnabled: false, pageLoadStrategy: normal, platform: XP, platformName: XP, rotatable: false, setWindowRect: true, takesHeapSnapshot: true, takesScreenshot: true, unexpectedAlertBehaviour: , unhandledPromptBehavior: , version: 86.0.4240.111, webStorageEnabled: true}\nSession ID: 9377aa91d06c51f93000efc08a73dc37","trace":"org.openqa.selenium.WebDriverException: unknown error: Element <a class=\"yandex-header__logo-service yandex-header__logo-service_lang_ru count-me\" href=\"\" tabindex=\"-1\" data-count=\"{&quot;name&quot;:&quot;logo-service&quot;}\"></a> is not clickable at point (130, 16). Other element would receive the click: <iframe></iframe>\n  (Session info: chrome=86.0.4240.111)\n  (Driver info: chromedriver=2.37.544315 (730aa6a5fdba159ac9f4c1e8cbc59bf1b5ce12b7),platform=Windows NT 10.0.14393 x86_64) (WARNING: The server did not provide any stacktrace information)\nCommand duration or timeout: 0 milliseconds\nBuild info: version: '3.141.59', revision: 'e82be7d358', time: '2018-11-14T08:17:03'\nSystem info: host: 'USER-PC', ip: '10.0.0.102', os.name: 'Windows 10', os.arch: 'amd64', os.version: '10.0', java.version: '1.8.0_231'\nDriver info: org.openqa.selenium.remote.RemoteWebDriver\nCapabilities {acceptInsecureCerts: false, acceptSslCerts: false, applicationCacheEnabled: false, browserConnectionEnabled: false, browserName: chrome, chrome: {chromedriverVersion: 2.37.544315 (730aa6a5fdba15..., userDataDir: C:\\Users\\User\\AppData\\Local...}, cssSelectorsEnabled: true, databaseEnabled: false, handlesAlerts: true, hasTouchScreen: false, javascriptEnabled: true, locationContextEnabled: true, mobileEmulationEnabled: false, nativeEvents: true, networkConnectionEnabled: false, pageLoadStrategy: normal, platform: XP, platformName: XP, rotatable: false, setWindowRect: true, takesHeapSnapshot: true, takesScreenshot: true, unexpectedAlertBehaviour: , unhandledPromptBehavior: , version: 86.0.4240.111, webStorageEnabled: true}\nSession ID: 9377aa91d06c51f93000efc08a73dc37\r\n\tat sun.reflect.NativeConstructorAccessorImpl.newInstance0(Native Method)\r\n\tat sun.reflect.NativeConstructorAccessorImpl.newInstance(NativeConstructorAccessorImpl.java:62)\r\n\tat sun.reflect.DelegatingConstructorAccessorImpl.newInstance(DelegatingConstructorAccessorImpl.java:45)\r\n\tat java.lang.reflect.Constructor.newInstance(Constructor.java:423)\r\n\tat org.openqa.selenium.remote.ErrorHandler.createThrowable(ErrorHandler.java:214)\r\n\tat org.openqa.selenium.remote.ErrorHandler.throwIfResponseFailed(ErrorHandler.java:166)\r\n\tat org.openqa.selenium.remote.http.JsonHttpResponseCodec.reconstructValue(JsonHttpResponseCodec.java:40)\r\n\tat org.openqa.selenium.remote.http.AbstractHttpResponseCodec.decode(AbstractHttpResponseCodec.java:80)\r\n\tat org.openqa.selenium.remote.http.AbstractHttpResponseCodec.decode(AbstractHttpResponseCodec.java:44)\r\n\tat org.openqa.selenium.remote.HttpCommandExecutor.execute(HttpCommandExecutor.java:158)\r\n\tat org.openqa.selenium.remote.RemoteWebDriver.execute(RemoteWebDriver.java:552)\r\n\tat org.openqa.selenium.remote.RemoteWebElement.execute(RemoteWebElement.java:285)\r\n\tat org.openqa.selenium.remote.RemoteWebElement.click(RemoteWebElement.java:84)\r\n\tat selBase.Base.click(Base.java:66)\r\n\tat pageObject.Sign.clickLogo(Sign.java:24)\r\n\tat ru.yandex.mail.SendMailTest.MailTest(SendMailTest.java:149)\r\n\tat sun.reflect.NativeMethodAccessorImpl.invoke0(Native Method)\r\n\tat sun.reflect.NativeMethodAccessorImpl.invoke(NativeMethodAccessorImpl.java:62)\r\n\tat sun.reflect.DelegatingMethodAccessorImpl.invoke(DelegatingMethodAccessorImpl.java:43)\r\n\tat java.lang.reflect.Method.invoke(Method.java:498)\r\n\tat org.testng.internal.MethodInvocationHelper.invokeMethod(MethodInvocationHelper.java:134)\r\n\tat org.testng.internal.TestInvoker.invokeMethod(TestInvoker.java:597)\r\n\tat org.testng.internal.TestInvoker.invokeTestMethod(TestInvoker.java:173)\r\n\tat org.testng.internal.MethodRunner.runInSequence(MethodRunner.java:46)\r\n\tat org.testng.internal.TestInvoker$MethodInvocationAgent.invoke(TestInvoker.java:816)\r\n\tat org.testng.internal.TestInvoker.invokeTestMethods(TestInvoker.java:146)\r\n\tat org.testng.internal.TestMethodWorker.invokeTestMethods(TestMethodWorker.java:146)\r\n\tat org.testng.internal.TestMethodWorker.run(TestMethodWorker.java:128)\r\n\tat java.util.ArrayList.forEach(ArrayList.java:1257)\r\n\tat org.testng.TestRunner.privateRun(TestRunner.java:766)\r\n\tat org.testng.TestRunner.run(TestRunner.java:587)\r\n\tat org.testng.SuiteRunner.runTest(SuiteRunner.java:384)\r\n\tat org.testng.SuiteRunner.runSequentially(SuiteRunner.java:378)\r\n\tat org.testng.SuiteRunner.privateRun(SuiteRunner.java:337)\r\n\tat org.testng.SuiteRunner.run(SuiteRunner.java:286)\r\n\tat org.testng.SuiteRunnerWorker.runSuite(SuiteRunnerWorker.java:53)\r\n\tat org.testng.SuiteRunnerWorker.run(SuiteRunnerWorker.java:96)\r\n\tat org.testng.TestNG.runSuitesSequentially(TestNG.java:1187)\r\n\tat org.testng.TestNG.runSuitesLocally(TestNG.java:1109)\r\n\tat org.testng.TestNG.runSuites(TestNG.java:1039)\r\n\tat org.testng.TestNG.run(TestNG.java:1007)\r\n\tat com.intellij.rt.testng.IDEARemoteTestNG.run(IDEARemoteTestNG.java:66)\r\n\tat com.intellij.rt.testng.RemoteTestNGStarter.main(RemoteTestNGStarter.java:109)\r\n"},"stage":"finished","steps":[{"name":"Кликаем на кнопку войти в яндекс почту","status":"passed","stage":"finished","steps":[],"attachments":[],"parameters":[],"start":1604243418256,"stop":1604243419723},{"name":"Вводим логин в поле логина","status":"passed","stage":"finished","steps":[],"attachments":[],"parameters":[{"name":"login","value":"testimmailauto\n"}],"start":1604243419728,"stop":1604243420225},{"name":"Вводим пароль в поле пароля","status":"passed","stage":"finished","steps":[],"attachments":[],"parameters":[{"name":"pass","value":"1029384756\n"}],"start":1604243420225,"stop":1604243421041},{"name":"Кликаем на создание нового письма","status":"passed","stage":"finished","steps":[],"attachments":[],"parameters":[],"start":1604243421041,"stop":1604243424751},{"name":"Проверяем открытие формы отправки писем","status":"passed","stage":"finished","steps":[],"attachments":[],"parameters":[{"name":"text","value":"https://mail.yandex.ru/?uid=1198887252#compose"}],"start":1604243424764,"stop":1604243424771},{"name":"Клик на 'себе' при отправке письма","status":"passed","stage":"finished","steps":[],"attachments":[],"parameters":[],"start":1604243424771,"stop":1604243426904},{"name":"Ввод темы письма","status":"passed","stage":"finished","steps":[],"attachments":[],"parameters":[{"name":"theme","value":"Тестируем почту"}],"start":1604243426905,"stop":1604243427257},{"name":"Ввод текста письма","status":"passed","stage":"finished","steps":[],"attachments":[],"parameters":[{"name":"text","value":"текст письма"}],"start":1604243427257,"stop":1604243427456},{"name":"Кнопка отправки письма","status":"passed","stage":"finished","steps":[],"attachments":[],"parameters":[],"start":1604243427457,"stop":1604243427615},{"name":"Кликаем на входящие письма","status":"passed","stage":"finished","steps":[],"attachments":[],"parameters":[],"start":1604243427616,"stop":1604243428615},{"name":"Кликаем кнопку оновить","status":"passed","stage":"finished","steps":[],"attachments":[],"parameters":[],"start":1604243428615,"stop":1604243428965},{"name":"кликаем на группу сообщений в списке сообщений","status":"passed","stage":"finished","steps":[],"attachments":[],"parameters":[],"start":1604243432334,"stop":1604243432498},{"name":"кликаем на сообщение в группе сообщений в списке сообщений","status":"passed","stage":"finished","steps":[],"attachments":[],"parameters":[],"start":1604243433498,"stop":1604243433704},{"name":"кликаем на кнопку настроек","status":"passed","stage":"finished","steps":[],"attachments":[],"parameters":[],"start":1604243434188,"stop":1604243434505},{"name":"кликаем на настройку личных данных","status":"passed","stage":"finished","steps":[],"attachments":[],"parameters":[],"start":1604243434506,"stop":1604243434736},{"name":"Клик в поле воода подписи","status":"passed","stage":"finished","steps":[],"attachments":[],"parameters":[],"start":1604243434737,"stop":1604243435808},{"name":"Ввод текста подписи","status":"passed","stage":"finished","steps":[],"attachments":[],"parameters":[{"name":"text","value":"Я подпись подпись подпись, я вовсе не медведь"}],"start":1604243435809,"stop":1604243436120},{"name":"кликаем кнопку добавления подписи","status":"passed","stage":"finished","steps":[],"attachments":[],"parameters":[],"start":1604243436121,"stop":1604243436242},{"name":"кликаем на логотип яндекс почты","status":"passed","stage":"finished","steps":[],"attachments":[],"parameters":[],"start":1604243436243,"stop":1604243436346},{"name":"Кликаем на создание нового письма","status":"passed","stage":"finished","steps":[],"attachments":[],"parameters":[],"start":1604243436347,"stop":1604243437108},{"name":"Проверяем открытие формы отправки писем","status":"passed","stage":"finished","steps":[],"attachments":[],"parameters":[{"name":"text","value":"https://mail.yandex.ru/?uid=1198887252#compose"}],"start":1604243437168,"stop":1604243437168},{"name":"Клик на 'себе' при отправке письма","status":"passed","stage":"finished","steps":[],"attachments":[],"parameters":[],"start":1604243437464,"stop":1604243437761},{"name":"Ввод темы письма","status":"passed","stage":"finished","steps":[],"attachments":[],"parameters":[{"name":"theme","value":"Тестируем почту2"}],"start":1604243437762,"stop":1604243438164},{"name":"Ввод текста письма","status":"passed","stage":"finished","steps":[],"attachments":[],"parameters":[{"name":"text","value":"текст письма2"}],"start":1604243438165,"stop":1604243438554},{"name":"Кнопка отправки письма","status":"passed","stage":"finished","steps":[],"attachments":[],"parameters":[],"start":1604243438554,"stop":1604243438749},{"name":"Кликаем на входящие письма","status":"passed","stage":"finished","steps":[],"attachments":[],"parameters":[],"start":1604243438749,"stop":1604243439416},{"name":"Кликаем кнопку оновить","status":"passed","stage":"finished","steps":[],"attachments":[],"parameters":[],"start":1604243439416,"stop":1604243439654},{"name":"кликаем по группе сообщений с нужной темой","status":"passed","stage":"finished","steps":[],"attachments":[],"parameters":[],"start":1604243442241,"stop":1604243442445},{"name":"кликаем на сообщений в группе сообщений","status":"passed","stage":"finished","steps":[],"attachments":[],"parameters":[],"start":1604243443454,"stop":1604243443619},{"name":"кликаем на кнопку входящие","status":"passed","stage":"finished","steps":[],"attachments":[],"parameters":[],"start":1604243444420,"stop":1604243444582},{"name":"Кликаем кнопку оновить","status":"passed","stage":"finished","steps":[],"attachments":[],"parameters":[],"start":1604243444582,"stop":1604243444871},{"name":"кликаем на чекбокс с темой 1","status":"passed","stage":"finished","steps":[],"attachments":[],"parameters":[],"start":1604243445872,"stop":1604243446076},{"name":"Кликаем на чекбокс с темой 2","status":"passed","stage":"finished","steps":[],"attachments":[],"parameters":[],"start":1604243447077,"stop":1604243447221},{"name":"кликаем кнопку удаления писем","status":"passed","stage":"finished","steps":[],"attachments":[],"parameters":[],"start":1604243447221,"stop":1604243447608},{"name":"кликаем на кнопку настроек","status":"passed","stage":"finished","steps":[],"attachments":[],"parameters":[],"start":1604243468710,"stop":1604243468869},{"name":"кликаем на настройку личных данных","status":"passed","stage":"finished","steps":[],"attachments":[],"parameters":[],"start":1604243468869,"stop":1604243469012},{"name":"Удаляем последнию подпись","status":"passed","stage":"finished","steps":[],"attachments":[],"parameters":[],"start":1604243469012,"stop":1604243489430},{"name":"Подтверждаем удаление подписи","status":"passed","stage":"finished","steps":[],"attachments":[],"parameters":[],"start":1604243489430,"stop":1604243489544},{"name":"кликаем на логотип яндекс почты","status":"broken","statusDetails":{"known":false,"muted":false,"flaky":false,"message":"unknown error: Element <a class=\"yandex-header__logo-service yandex-header__logo-service_lang_ru count-me\" href=\"\" tabindex=\"-1\" data-count=\"{&quot;name&quot;:&quot;logo-service&quot;}\"></a> is not clickable at point (130, 16). Other element would receive the click: <iframe></iframe>\n  (Session info: chrome=86.0.4240.111)\n  (Driver info: chromedriver=2.37.544315 (730aa6a5fdba159ac9f4c1e8cbc59bf1b5ce12b7),platform=Windows NT 10.0.14393 x86_64) (WARNING: The server did not provide any stacktrace information)\nCommand duration or timeout: 0 milliseconds\nBuild info: version: '3.141.59', revision: 'e82be7d358', time: '2018-11-14T08:17:03'\nSystem info: host: 'USER-PC', ip: '10.0.0.102', os.name: 'Windows 10', os.arch: 'amd64', os.version: '10.0', java.version: '1.8.0_231'\nDriver info: org.openqa.selenium.remote.RemoteWebDriver\nCapabilities {acceptInsecureCerts: false, acceptSslCerts: false, applicationCacheEnabled: false, browserConnectionEnabled: false, browserName: chrome, chrome: {chromedriverVersion: 2.37.544315 (730aa6a5fdba15..., userDataDir: C:\\Users\\User\\AppData\\Local...}, cssSelectorsEnabled: true, databaseEnabled: false, handlesAlerts: true, hasTouchScreen: false, javascriptEnabled: true, locationContextEnabled: true, mobileEmulationEnabled: false, nativeEvents: true, networkConnectionEnabled: false, pageLoadStrategy: normal, platform: XP, platformName: XP, rotatable: false, setWindowRect: true, takesHeapSnapshot: true, takesScreenshot: true, unexpectedAlertBehaviour: , unhandledPromptBehavior: , version: 86.0.4240.111, webStorageEnabled: true}\nSession ID: 9377aa91d06c51f93000efc08a73dc37","trace":"org.openqa.selenium.WebDriverException: unknown error: Element <a class=\"yandex-header__logo-service yandex-header__logo-service_lang_ru count-me\" href=\"\" tabindex=\"-1\" data-count=\"{&quot;name&quot;:&quot;logo-service&quot;}\"></a> is not clickable at point (130, 16). Other element would receive the click: <iframe></iframe>\n  (Session info: chrome=86.0.4240.111)\n  (Driver info: chromedriver=2.37.544315 (730aa6a5fdba159ac9f4c1e8cbc59bf1b5ce12b7),platform=Windows NT 10.0.14393 x86_64) (WARNING: The server did not provide any stacktrace information)\nCommand duration or timeout: 0 milliseconds\nBuild info: version: '3.141.59', revision: 'e82be7d358', time: '2018-11-14T08:17:03'\nSystem info: host: 'USER-PC', ip: '10.0.0.102', os.name: 'Windows 10', os.arch: 'amd64', os.version: '10.0', java.version: '1.8.0_231'\nDriver info: org.openqa.selenium.remote.RemoteWebDriver\nCapabilities {acceptInsecureCerts: false, acceptSslCerts: false, applicationCacheEnabled: false, browserConnectionEnabled: false, browserName: chrome, chrome: {chromedriverVersion: 2.37.544315 (730aa6a5fdba15..., userDataDir: C:\\Users\\User\\AppData\\Local...}, cssSelectorsEnabled: true, databaseEnabled: false, handlesAlerts: true, hasTouchScreen: false, javascriptEnabled: true, locationContextEnabled: true, mobileEmulationEnabled: false, nativeEvents: true, networkConnectionEnabled: false, pageLoadStrategy: normal, platform: XP, platformName: XP, rotatable: false, setWindowRect: true, takesHeapSnapshot: true, takesScreenshot: true, unexpectedAlertBehaviour: , unhandledPromptBehavior: , version: 86.0.4240.111, webStorageEnabled: true}\nSession ID: 9377aa91d06c51f93000efc08a73dc37\r\n\tat sun.reflect.NativeConstructorAccessorImpl.newInstance0(Native Method)\r\n\tat sun.reflect.NativeConstructorAccessorImpl.newInstance(NativeConstructorAccessorImpl.java:62)\r\n\tat sun.reflect.DelegatingConstructorAccessorImpl.newInstance(DelegatingConstructorAccessorImpl.java:45)\r\n\tat java.lang.reflect.Constructor.newInstance(Constructor.java:423)\r\n\tat org.openqa.selenium.remote.ErrorHandler.createThrowable(ErrorHandler.java:214)\r\n\tat org.openqa.selenium.remote.ErrorHandler.throwIfResponseFailed(ErrorHandler.java:166)\r\n\tat org.openqa.selenium.remote.http.JsonHttpResponseCodec.reconstructValue(JsonHttpResponseCodec.java:40)\r\n\tat org.openqa.selenium.remote.http.AbstractHttpResponseCodec.decode(AbstractHttpResponseCodec.java:80)\r\n\tat org.openqa.selenium.remote.http.AbstractHttpResponseCodec.decode(AbstractHttpResponseCodec.java:44)\r\n\tat org.openqa.selenium.remote.HttpCommandExecutor.execute(HttpCommandExecutor.java:158)\r\n\tat org.openqa.selenium.remote.RemoteWebDriver.execute(RemoteWebDriver.java:552)\r\n\tat org.openqa.selenium.remote.RemoteWebElement.execute(RemoteWebElement.java:285)\r\n\tat org.openqa.selenium.remote.RemoteWebElement.click(RemoteWebElement.java:84)\r\n\tat selBase.Base.click(Base.java:66)\r\n\tat pageObject.Sign.clickLogo(Sign.java:24)\r\n\tat ru.yandex.mail.SendMailTest.MailTest(SendMailTest.java:149)\r\n\tat sun.reflect.NativeMethodAccessorImpl.invoke0(Native Method)\r\n\tat sun.reflect.NativeMethodAccessorImpl.invoke(NativeMethodAccessorImpl.java:62)\r\n\tat sun.reflect.DelegatingMethodAccessorImpl.invoke(DelegatingMethodAccessorImpl.java:43)\r\n\tat java.lang.reflect.Method.invoke(Method.java:498)\r\n\tat org.testng.internal.MethodInvocationHelper.invokeMethod(MethodInvocationHelper.java:134)\r\n\tat org.testng.internal.TestInvoker.invokeMethod(TestInvoker.java:597)\r\n\tat org.testng.internal.TestInvoker.invokeTestMethod(TestInvoker.java:173)\r\n\tat org.testng.internal.MethodRunner.runInSequence(MethodRunner.java:46)\r\n\tat org.testng.internal.TestInvoker$MethodInvocationAgent.invoke(TestInvoker.java:816)\r\n\tat org.testng.internal.TestInvoker.invokeTestMethods(TestInvoker.java:146)\r\n\tat org.testng.internal.TestMethodWorker.invokeTestMethods(TestMethodWorker.java:146)\r\n\tat org.testng.internal.TestMethodWorker.run(TestMethodWorker.java:128)\r\n\tat java.util.ArrayList.forEach(ArrayList.java:1257)\r\n\tat org.testng.TestRunner.privateRun(TestRunner.java:766)\r\n\tat org.testng.TestRunner.run(TestRunner.java:587)\r\n\tat org.testng.SuiteRunner.runTest(SuiteRunner.java:384)\r\n\tat org.testng.SuiteRunner.runSequentially(SuiteRunner.java:378)\r\n\tat org.testng.SuiteRunner.privateRun(SuiteRunner.java:337)\r\n\tat org.testng.SuiteRunner.run(SuiteRunner.java:286)\r\n\tat org.testng.SuiteRunnerWorker.runSuite(SuiteRunnerWorker.java:53)\r\n\tat org.testng.SuiteRunnerWorker.run(SuiteRunnerWorker.java:96)\r\n\tat org.testng.TestNG.runSuitesSequentially(TestNG.java:1187)\r\n\tat org.testng.TestNG.runSuitesLocally(TestNG.java:1109)\r\n\tat org.testng.TestNG.runSuites(TestNG.java:1039)\r\n\tat org.testng.TestNG.run(TestNG.java:1007)\r\n\tat com.intellij.rt.testng.IDEARemoteTestNG.run(IDEARemoteTestNG.java:66)\r\n\tat com.intellij.rt.testng.RemoteTestNGStarter.main(RemoteTestNGStarter.java:109)\r\n"},"stage":"finished","steps":[],"attachments":[],"parameters":[],"start":1604243489544,"stop":1604243489650}],"attachments":[],"parameters":[],"start":1604243417965,"stop":1604243489669,"uuid":"cb527b49-8d23-4ed9-812b-75fdf554199a","historyId":"8e42658b3e223e3cac3f7b31aa5d03dd","fullName":"ru.yandex.mail.SendMailTest.MailTest","labels":[{"name":"package","value":"ru.yandex.mail.SendMailTest"},{"name":"testClass","value":"ru.yandex.mail.SendMailTest"},{"name":"testMethod","value":"MailTest"},{"name":"parentSuite","value":"Default Suite"},{"name":"suite","value":"Practice"},{"name":"subSuite","value":"ru.yandex.mail.SendMailTest"},{"name":"host","value":"User-PC"},{"name":"thread","value":"6828@User-PC.main(1)"},{"name":"framework","value":"testng"},{"name":"language","value":"java"},{"name":"epic","value":"Селениум"},{"name":"story","value":"Отправка писем"},{"name":"feature","value":"Тест почты"}],"links":[]}