{"name":"MailTest","status":"failed","statusDetails":{"known":false,"muted":false,"flaky":false,"message":"expected [true] but found [false]","trace":"java.lang.AssertionError: expected [true] but found [false]\r\n\tat org.testng.Assert.fail(Assert.java:97)\r\n\tat org.testng.Assert.failNotEquals(Assert.java:969)\r\n\tat org.testng.Assert.assertTrue(Assert.java:43)\r\n\tat org.testng.Assert.assertTrue(Assert.java:53)\r\n\tat pageObject.Mails.assertMail1(Mails.java:89)\r\n\tat ru.yandex.mail.SendMailTest.MailTest(SendMailTest.java:58)\r\n\tat sun.reflect.NativeMethodAccessorImpl.invoke0(Native Method)\r\n\tat sun.reflect.NativeMethodAccessorImpl.invoke(NativeMethodAccessorImpl.java:62)\r\n\tat sun.reflect.DelegatingMethodAccessorImpl.invoke(DelegatingMethodAccessorImpl.java:43)\r\n\tat java.lang.reflect.Method.invoke(Method.java:498)\r\n\tat org.testng.internal.MethodInvocationHelper.invokeMethod(MethodInvocationHelper.java:134)\r\n\tat org.testng.internal.TestInvoker.invokeMethod(TestInvoker.java:597)\r\n\tat org.testng.internal.TestInvoker.invokeTestMethod(TestInvoker.java:173)\r\n\tat org.testng.internal.MethodRunner.runInSequence(MethodRunner.java:46)\r\n\tat org.testng.internal.TestInvoker$MethodInvocationAgent.invoke(TestInvoker.java:816)\r\n\tat org.testng.internal.TestInvoker.invokeTestMethods(TestInvoker.java:146)\r\n\tat org.testng.internal.TestMethodWorker.invokeTestMethods(TestMethodWorker.java:146)\r\n\tat org.testng.internal.TestMethodWorker.run(TestMethodWorker.java:128)\r\n\tat java.util.ArrayList.forEach(ArrayList.java:1257)\r\n\tat org.testng.TestRunner.privateRun(TestRunner.java:766)\r\n\tat org.testng.TestRunner.run(TestRunner.java:587)\r\n\tat org.testng.SuiteRunner.runTest(SuiteRunner.java:384)\r\n\tat org.testng.SuiteRunner.runSequentially(SuiteRunner.java:378)\r\n\tat org.testng.SuiteRunner.privateRun(SuiteRunner.java:337)\r\n\tat org.testng.SuiteRunner.run(SuiteRunner.java:286)\r\n\tat org.testng.SuiteRunnerWorker.runSuite(SuiteRunnerWorker.java:53)\r\n\tat org.testng.SuiteRunnerWorker.run(SuiteRunnerWorker.java:96)\r\n\tat org.testng.TestNG.runSuitesSequentially(TestNG.java:1187)\r\n\tat org.testng.TestNG.runSuitesLocally(TestNG.java:1109)\r\n\tat org.testng.TestNG.runSuites(TestNG.java:1039)\r\n\tat org.testng.TestNG.run(TestNG.java:1007)\r\n\tat com.intellij.rt.testng.IDEARemoteTestNG.run(IDEARemoteTestNG.java:66)\r\n\tat com.intellij.rt.testng.RemoteTestNGStarter.main(RemoteTestNGStarter.java:109)\r\n"},"stage":"finished","steps":[{"name":"Кликаем на кнопку войти в яндекс почту","status":"passed","stage":"finished","steps":[],"attachments":[],"parameters":[],"start":1604252442189,"stop":1604252443635},{"name":"Вводим логин в поле логина","status":"passed","stage":"finished","steps":[],"attachments":[],"parameters":[{"name":"login","value":"testimmailauto\n"}],"start":1604252443638,"stop":1604252443992},{"name":"Вводим пароль в поле пароля","status":"passed","stage":"finished","steps":[],"attachments":[],"parameters":[{"name":"pass","value":"1029384756\n"}],"start":1604252443992,"stop":1604252444709},{"name":"Кликаем на создание нового письма","status":"passed","stage":"finished","steps":[],"attachments":[],"parameters":[],"start":1604252444710,"stop":1604252448288},{"name":"Проверяем открытие формы отправки писем","status":"passed","stage":"finished","steps":[],"attachments":[],"parameters":[{"name":"text","value":"https://mail.yandex.ru/?uid=1198887252#compose"}],"start":1604252448302,"stop":1604252448310},{"name":"Клик на 'себе' при отправке письма","status":"passed","stage":"finished","steps":[],"attachments":[],"parameters":[],"start":1604252448310,"stop":1604252450690},{"name":"Ввод темы письма","status":"passed","stage":"finished","steps":[],"attachments":[],"parameters":[{"name":"theme","value":"Тестируем почту"}],"start":1604252450690,"stop":1604252451363},{"name":"Ввод текста письма","status":"passed","stage":"finished","steps":[],"attachments":[],"parameters":[{"name":"text","value":"текст письма"}],"start":1604252451363,"stop":1604252451554},{"name":"Кнопка отправки письма","status":"passed","stage":"finished","steps":[],"attachments":[],"parameters":[],"start":1604252451554,"stop":1604252451720},{"name":"Кликаем на входящие письма","status":"passed","stage":"finished","steps":[],"attachments":[],"parameters":[],"start":1604252451721,"stop":1604252453939},{"name":"Кликаем кнопку оновить","status":"passed","stage":"finished","steps":[],"attachments":[],"parameters":[],"start":1604252453939,"stop":1604252454165},{"name":"Проверяем наличие письма с темой 1","status":"failed","statusDetails":{"known":false,"muted":false,"flaky":false,"message":"expected [true] but found [false]","trace":"java.lang.AssertionError: expected [true] but found [false]\r\n\tat org.testng.Assert.fail(Assert.java:97)\r\n\tat org.testng.Assert.failNotEquals(Assert.java:969)\r\n\tat org.testng.Assert.assertTrue(Assert.java:43)\r\n\tat org.testng.Assert.assertTrue(Assert.java:53)\r\n\tat pageObject.Mails.assertMail1(Mails.java:89)\r\n\tat ru.yandex.mail.SendMailTest.MailTest(SendMailTest.java:58)\r\n\tat sun.reflect.NativeMethodAccessorImpl.invoke0(Native Method)\r\n\tat sun.reflect.NativeMethodAccessorImpl.invoke(NativeMethodAccessorImpl.java:62)\r\n\tat sun.reflect.DelegatingMethodAccessorImpl.invoke(DelegatingMethodAccessorImpl.java:43)\r\n\tat java.lang.reflect.Method.invoke(Method.java:498)\r\n\tat org.testng.internal.MethodInvocationHelper.invokeMethod(MethodInvocationHelper.java:134)\r\n\tat org.testng.internal.TestInvoker.invokeMethod(TestInvoker.java:597)\r\n\tat org.testng.internal.TestInvoker.invokeTestMethod(TestInvoker.java:173)\r\n\tat org.testng.internal.MethodRunner.runInSequence(MethodRunner.java:46)\r\n\tat org.testng.internal.TestInvoker$MethodInvocationAgent.invoke(TestInvoker.java:816)\r\n\tat org.testng.internal.TestInvoker.invokeTestMethods(TestInvoker.java:146)\r\n\tat org.testng.internal.TestMethodWorker.invokeTestMethods(TestMethodWorker.java:146)\r\n\tat org.testng.internal.TestMethodWorker.run(TestMethodWorker.java:128)\r\n\tat java.util.ArrayList.forEach(ArrayList.java:1257)\r\n\tat org.testng.TestRunner.privateRun(TestRunner.java:766)\r\n\tat org.testng.TestRunner.run(TestRunner.java:587)\r\n\tat org.testng.SuiteRunner.runTest(SuiteRunner.java:384)\r\n\tat org.testng.SuiteRunner.runSequentially(SuiteRunner.java:378)\r\n\tat org.testng.SuiteRunner.privateRun(SuiteRunner.java:337)\r\n\tat org.testng.SuiteRunner.run(SuiteRunner.java:286)\r\n\tat org.testng.SuiteRunnerWorker.runSuite(SuiteRunnerWorker.java:53)\r\n\tat org.testng.SuiteRunnerWorker.run(SuiteRunnerWorker.java:96)\r\n\tat org.testng.TestNG.runSuitesSequentially(TestNG.java:1187)\r\n\tat org.testng.TestNG.runSuitesLocally(TestNG.java:1109)\r\n\tat org.testng.TestNG.runSuites(TestNG.java:1039)\r\n\tat org.testng.TestNG.run(TestNG.java:1007)\r\n\tat com.intellij.rt.testng.IDEARemoteTestNG.run(IDEARemoteTestNG.java:66)\r\n\tat com.intellij.rt.testng.RemoteTestNGStarter.main(RemoteTestNGStarter.java:109)\r\n"},"stage":"finished","steps":[],"attachments":[],"parameters":[],"start":1604252455166,"stop":1604252458692}],"attachments":[],"parameters":[],"start":1604252441873,"stop":1604252458728,"uuid":"dab0b733-bdd0-4757-9705-f7e035804b22","historyId":"8e42658b3e223e3cac3f7b31aa5d03dd","fullName":"ru.yandex.mail.SendMailTest.MailTest","labels":[{"name":"package","value":"ru.yandex.mail.SendMailTest"},{"name":"testClass","value":"ru.yandex.mail.SendMailTest"},{"name":"testMethod","value":"MailTest"},{"name":"parentSuite","value":"Default Suite"},{"name":"suite","value":"Practice"},{"name":"subSuite","value":"ru.yandex.mail.SendMailTest"},{"name":"host","value":"User-PC"},{"name":"thread","value":"9184@User-PC.main(1)"},{"name":"framework","value":"testng"},{"name":"language","value":"java"},{"name":"epic","value":"Селениум"},{"name":"story","value":"Отправка писем"},{"name":"feature","value":"Тест почты"}],"links":[]}